<?xml version="1.0" encoding="UTF-8"?>
<coverage generated="1679255525182" clover="3.2.0">
  <project timestamp="1679255525183" name="All files">
    <metrics statements="8" coveredstatements="8" conditionals="0" coveredconditionals="0" methods="6" coveredmethods="6" elements="14" coveredelements="14" complexity="0" loc="8" ncloc="8" packages="3" files="5" classes="5"/>
    <package name="src">
      <metrics statements="1" coveredstatements="1" conditionals="0" coveredconditionals="0" methods="1" coveredmethods="1"/>
      <file name="App.tsx" path="/home/rannue/rsshcool/otom/react/second/react-components/src/App.tsx">
        <metrics statements="1" coveredstatements="1" conditionals="0" coveredconditionals="0" methods="1" coveredmethods="1"/>
        <line num="11" count="3" type="stmt"/>
      </file>
    </package>
    <package name="src.assets">
      <metrics statements="1" coveredstatements="1" conditionals="0" coveredconditionals="0" methods="0" coveredmethods="0"/>
      <file name="data.ts" path="/home/rannue/rsshcool/otom/react/second/react-components/src/assets/data.ts">
        <metrics statements="1" coveredstatements="1" conditionals="0" coveredconditionals="0" methods="0" coveredmethods="0"/>
        <line num="16" count="2" type="stmt"/>
      </file>
    </package>
    <package name="src.components">
      <metrics statements="6" coveredstatements="6" conditionals="0" coveredconditionals="0" methods="5" coveredmethods="5"/>
      <file name="cards.tsx" path="/home/rannue/rsshcool/otom/react/second/react-components/src/components/cards.tsx">
        <metrics statements="4" coveredstatements="4" conditionals="0" coveredconditionals="0" methods="3" coveredmethods="3"/>
        <line num="9" count="2" type="stmt"/>
        <line num="10" count="2" type="stmt"/>
        <line num="16" count="2" type="stmt"/>
        <line num="19" count="12" type="stmt"/>
      </file>
      <file name="footer.tsx" path="/home/rannue/rsshcool/otom/react/second/react-components/src/components/footer.tsx">
        <metrics statements="1" coveredstatements="1" conditionals="0" coveredconditionals="0" methods="1" coveredmethods="1"/>
        <line num="5" count="3" type="stmt"/>
      </file>
      <file name="header.tsx" path="/home/rannue/rsshcool/otom/react/second/react-components/src/components/header.tsx">
        <metrics statements="1" coveredstatements="1" conditionals="0" coveredconditionals="0" methods="1" coveredmethods="1"/>
        <line num="6" count="3" type="stmt"/>
      </file>
    </package>
  </project>
</coverage>
