<?xml version="1.0" encoding="UTF-8"?>
<coverage generated="1679236056418" clover="3.2.0">
  <project timestamp="1679236056419" name="All files">
    <metrics statements="19" coveredstatements="17" conditionals="6" coveredconditionals="5" methods="12" coveredmethods="11" elements="37" coveredelements="33" complexity="0" loc="19" ncloc="19" packages="4" files="7" classes="7"/>
    <package name="src">
      <metrics statements="3" coveredstatements="3" conditionals="4" coveredconditionals="3" methods="3" coveredmethods="3"/>
      <file name="App.tsx" path="/home/rannue/rsshcool/otom/react/second/react-components/src/App.tsx">
        <metrics statements="3" coveredstatements="3" conditionals="4" coveredconditionals="3" methods="3" coveredmethods="3"/>
        <line num="10" count="3" type="stmt"/>
        <line num="19" count="3" type="cond" truecount="1" falsecount="1"/>
        <line num="25" count="3" type="cond" truecount="2" falsecount="0"/>
      </file>
    </package>
    <package name="src.assets">
      <metrics statements="1" coveredstatements="1" conditionals="0" coveredconditionals="0" methods="0" coveredmethods="0"/>
      <file name="data.ts" path="/home/rannue/rsshcool/otom/react/second/react-components/src/assets/data.ts">
        <metrics statements="1" coveredstatements="1" conditionals="0" coveredconditionals="0" methods="0" coveredmethods="0"/>
        <line num="22" count="1" type="stmt"/>
      </file>
    </package>
    <package name="src.components">
      <metrics statements="9" coveredstatements="7" conditionals="2" coveredconditionals="2" methods="6" coveredmethods="5"/>
      <file name="card-item.tsx" path="/home/rannue/rsshcool/otom/react/second/react-components/src/components/card-item.tsx">
        <metrics statements="2" coveredstatements="2" conditionals="0" coveredconditionals="0" methods="2" coveredmethods="2"/>
        <line num="6" count="6" type="stmt"/>
        <line num="9" count="6" type="stmt"/>
      </file>
      <file name="search-bar.tsx" path="/home/rannue/rsshcool/otom/react/second/react-components/src/components/search-bar.tsx">
        <metrics statements="7" coveredstatements="5" conditionals="2" coveredconditionals="2" methods="4" coveredmethods="3"/>
        <line num="9" count="1" type="stmt"/>
        <line num="10" count="1" type="stmt"/>
        <line num="14" count="1" type="stmt"/>
        <line num="18" count="0" type="stmt"/>
        <line num="19" count="0" type="stmt"/>
        <line num="23" count="1" type="stmt"/>
        <line num="27" count="1" type="stmt"/>
      </file>
    </package>
    <package name="src.pages">
      <metrics statements="6" coveredstatements="6" conditionals="0" coveredconditionals="0" methods="3" coveredmethods="3"/>
      <file name="404-page.tsx" path="/home/rannue/rsshcool/otom/react/second/react-components/src/pages/404-page.tsx">
        <metrics statements="2" coveredstatements="2" conditionals="0" coveredconditionals="0" methods="1" coveredmethods="1"/>
        <line num="3" count="1" type="stmt"/>
        <line num="4" count="1" type="stmt"/>
      </file>
      <file name="about-page.tsx" path="/home/rannue/rsshcool/otom/react/second/react-components/src/pages/about-page.tsx">
        <metrics statements="2" coveredstatements="2" conditionals="0" coveredconditionals="0" methods="1" coveredmethods="1"/>
        <line num="3" count="1" type="stmt"/>
        <line num="4" count="1" type="stmt"/>
      </file>
      <file name="home-page.tsx" path="/home/rannue/rsshcool/otom/react/second/react-components/src/pages/home-page.tsx">
        <metrics statements="2" coveredstatements="2" conditionals="0" coveredconditionals="0" methods="1" coveredmethods="1"/>
        <line num="7" count="1" type="stmt"/>
        <line num="8" count="1" type="stmt"/>
      </file>
    </package>
  </project>
</coverage>
