{"/home/rannue/rsshcool/otom/react/second/react-components/src/App.tsx": {"path":"/home/rannue/rsshcool/otom/react/second/react-components/src/App.tsx","statementMap":{"0":{"start":{"line":11,"column":2},"end":{"line":27,"column":4}}},"fnMap":{"0":{"name":"App","decl":{"start":{"line":10,"column":9},"end":{"line":10,"column":12}},"loc":{"start":{"line":10,"column":15},"end":{"line":28,"column":1}},"line":10}},"branchMap":{},"s":{"0":3},"f":{"0":3},"b":{},"_coverageSchema":"1a1c01bbd47fc00a2c39e90264f33305004495a9","hash":"b502f6440024df01abb35480c6c34886c65cced0"}
,"/home/rannue/rsshcool/otom/react/second/react-components/src/assets/data.ts": {"path":"/home/rannue/rsshcool/otom/react/second/react-components/src/assets/data.ts","statementMap":{"0":{"start":{"line":16,"column":36},"end":{"line":53,"column":1}}},"fnMap":{},"branchMap":{},"s":{"0":2},"f":{},"b":{},"_coverageSchema":"1a1c01bbd47fc00a2c39e90264f33305004495a9","hash":"b8b259c8c4e5bd2e5566f1de82097dfc75890fbf"}
,"/home/rannue/rsshcool/otom/react/second/react-components/src/components/cards.tsx": {"path":"/home/rannue/rsshcool/otom/react/second/react-components/src/components/cards.tsx","statementMap":{"0":{"start":{"line":9,"column":4},"end":{"line":9,"column":17}},"1":{"start":{"line":10,"column":4},"end":{"line":12,"column":6}},"2":{"start":{"line":16,"column":4},"end":{"line":24,"column":6}},"3":{"start":{"line":19,"column":10},"end":{"line":21,"column":16}}},"fnMap":{"0":{"name":"(anonymous_0)","decl":{"start":{"line":8,"column":2},"end":{"line":8,"column":3}},"loc":{"start":{"line":8,"column":56},"end":{"line":13,"column":3}},"line":8},"1":{"name":"(anonymous_1)","decl":{"start":{"line":15,"column":2},"end":{"line":15,"column":3}},"loc":{"start":{"line":15,"column":11},"end":{"line":25,"column":3}},"line":15},"2":{"name":"(anonymous_2)","decl":{"start":{"line":18,"column":33},"end":{"line":18,"column":34}},"loc":{"start":{"line":19,"column":10},"end":{"line":21,"column":16}},"line":19}},"branchMap":{},"s":{"0":2,"1":2,"2":2,"3":12},"f":{"0":2,"1":2,"2":12},"b":{},"_coverageSchema":"1a1c01bbd47fc00a2c39e90264f33305004495a9","hash":"b88dcfde92343bafbc0ab77864d7b94ae0be8b4d"}
,"/home/rannue/rsshcool/otom/react/second/react-components/src/components/footer.tsx": {"path":"/home/rannue/rsshcool/otom/react/second/react-components/src/components/footer.tsx","statementMap":{"0":{"start":{"line":5,"column":4},"end":{"line":11,"column":6}}},"fnMap":{"0":{"name":"(anonymous_0)","decl":{"start":{"line":4,"column":2},"end":{"line":4,"column":3}},"loc":{"start":{"line":4,"column":11},"end":{"line":12,"column":3}},"line":4}},"branchMap":{},"s":{"0":3},"f":{"0":3},"b":{},"_coverageSchema":"1a1c01bbd47fc00a2c39e90264f33305004495a9","hash":"be8589b1883ca92f15abd9339e9482017d06d271"}
,"/home/rannue/rsshcool/otom/react/second/react-components/src/components/header.tsx": {"path":"/home/rannue/rsshcool/otom/react/second/react-components/src/components/header.tsx","statementMap":{"0":{"start":{"line":6,"column":4},"end":{"line":18,"column":6}}},"fnMap":{"0":{"name":"(anonymous_0)","decl":{"start":{"line":5,"column":2},"end":{"line":5,"column":3}},"loc":{"start":{"line":5,"column":11},"end":{"line":19,"column":3}},"line":5}},"branchMap":{},"s":{"0":3},"f":{"0":3},"b":{},"_coverageSchema":"1a1c01bbd47fc00a2c39e90264f33305004495a9","hash":"70e10869e08ab51ca95dfd81cf04344b7353f26c"}
}
