{"/home/rannue/rsshcool/otom/react/second/react-components/src/App.tsx": {"path":"/home/rannue/rsshcool/otom/react/second/react-components/src/App.tsx","statementMap":{"0":{"start":{"line":10,"column":2},"end":{"line":39,"column":4}},"1":{"start":{"line":19,"column":35},"end":{"line":19,"column":74}},"2":{"start":{"line":25,"column":35},"end":{"line":25,"column":74}}},"fnMap":{"0":{"name":"App","decl":{"start":{"line":9,"column":9},"end":{"line":9,"column":12}},"loc":{"start":{"line":9,"column":15},"end":{"line":40,"column":1}},"line":9},"1":{"name":"(anonymous_1)","decl":{"start":{"line":19,"column":23},"end":{"line":19,"column":24}},"loc":{"start":{"line":19,"column":35},"end":{"line":19,"column":74}},"line":19},"2":{"name":"(anonymous_2)","decl":{"start":{"line":25,"column":23},"end":{"line":25,"column":24}},"loc":{"start":{"line":25,"column":35},"end":{"line":25,"column":74}},"line":25}},"branchMap":{"0":{"loc":{"start":{"line":19,"column":35},"end":{"line":19,"column":74}},"type":"cond-expr","locations":[{"start":{"line":19,"column":52},"end":{"line":19,"column":60}},{"start":{"line":19,"column":63},"end":{"line":19,"column":74}}],"line":19},"1":{"loc":{"start":{"line":25,"column":35},"end":{"line":25,"column":74}},"type":"cond-expr","locations":[{"start":{"line":25,"column":52},"end":{"line":25,"column":60}},{"start":{"line":25,"column":63},"end":{"line":25,"column":74}}],"line":25}},"s":{"0":3,"1":3,"2":3},"f":{"0":3,"1":3,"2":3},"b":{"0":[3,0],"1":[1,2]},"_coverageSchema":"1a1c01bbd47fc00a2c39e90264f33305004495a9","hash":"40266783965a0dcf9bcc5e723eece9b53eb8d481"}
,"/home/rannue/rsshcool/otom/react/second/react-components/src/assets/data.ts": {"path":"/home/rannue/rsshcool/otom/react/second/react-components/src/assets/data.ts","statementMap":{"0":{"start":{"line":22,"column":36},"end":{"line":99,"column":1}}},"fnMap":{},"branchMap":{},"s":{"0":1},"f":{},"b":{},"_coverageSchema":"1a1c01bbd47fc00a2c39e90264f33305004495a9","hash":"8fd17ce96308061dddef940b656400b496ea057f"}
,"/home/rannue/rsshcool/otom/react/second/react-components/src/components/card-item.tsx": {"path":"/home/rannue/rsshcool/otom/react/second/react-components/src/components/card-item.tsx","statementMap":{"0":{"start":{"line":6,"column":4},"end":{"line":6,"column":17}},"1":{"start":{"line":9,"column":4},"end":{"line":27,"column":6}}},"fnMap":{"0":{"name":"(anonymous_0)","decl":{"start":{"line":5,"column":2},"end":{"line":5,"column":3}},"loc":{"start":{"line":5,"column":52},"end":{"line":7,"column":3}},"line":5},"1":{"name":"(anonymous_1)","decl":{"start":{"line":8,"column":2},"end":{"line":8,"column":3}},"loc":{"start":{"line":8,"column":11},"end":{"line":28,"column":3}},"line":8}},"branchMap":{},"s":{"0":6,"1":6},"f":{"0":6,"1":6},"b":{},"_coverageSchema":"1a1c01bbd47fc00a2c39e90264f33305004495a9","hash":"6b634ff7316e2d5dab412a1c552039c4c662ab98"}
,"/home/rannue/rsshcool/otom/react/second/react-components/src/components/search-bar.tsx": {"path":"/home/rannue/rsshcool/otom/react/second/react-components/src/components/search-bar.tsx","statementMap":{"0":{"start":{"line":9,"column":4},"end":{"line":9,"column":17}},"1":{"start":{"line":10,"column":4},"end":{"line":12,"column":6}},"2":{"start":{"line":14,"column":4},"end":{"line":14,"column":51}},"3":{"start":{"line":18,"column":23},"end":{"line":18,"column":48}},"4":{"start":{"line":19,"column":4},"end":{"line":19,"column":41}},"5":{"start":{"line":23,"column":4},"end":{"line":23,"column":57}},"6":{"start":{"line":27,"column":4},"end":{"line":52,"column":6}}},"fnMap":{"0":{"name":"(anonymous_0)","decl":{"start":{"line":8,"column":2},"end":{"line":8,"column":3}},"loc":{"start":{"line":8,"column":48},"end":{"line":15,"column":3}},"line":8},"1":{"name":"(anonymous_1)","decl":{"start":{"line":17,"column":2},"end":{"line":17,"column":3}},"loc":{"start":{"line":17,"column":56},"end":{"line":20,"column":3}},"line":17},"2":{"name":"(anonymous_2)","decl":{"start":{"line":22,"column":2},"end":{"line":22,"column":3}},"loc":{"start":{"line":22,"column":25},"end":{"line":24,"column":3}},"line":22},"3":{"name":"(anonymous_3)","decl":{"start":{"line":26,"column":2},"end":{"line":26,"column":3}},"loc":{"start":{"line":26,"column":11},"end":{"line":53,"column":3}},"line":26}},"branchMap":{"0":{"loc":{"start":{"line":11,"column":13},"end":{"line":11,"column":53}},"type":"binary-expr","locations":[{"start":{"line":11,"column":13},"end":{"line":11,"column":47}},{"start":{"line":11,"column":51},"end":{"line":11,"column":53}}],"line":11}},"s":{"0":1,"1":1,"2":1,"3":0,"4":0,"5":1,"6":1},"f":{"0":1,"1":0,"2":1,"3":1},"b":{"0":[1,1]},"_coverageSchema":"1a1c01bbd47fc00a2c39e90264f33305004495a9","hash":"316602bd2af66df2a4fbe00c5f5e22ffec97d459"}
,"/home/rannue/rsshcool/otom/react/second/react-components/src/pages/404-page.tsx": {"path":"/home/rannue/rsshcool/otom/react/second/react-components/src/pages/404-page.tsx","statementMap":{"0":{"start":{"line":3,"column":17},"end":{"line":9,"column":1}},"1":{"start":{"line":4,"column":2},"end":{"line":8,"column":4}}},"fnMap":{"0":{"name":"(anonymous_0)","decl":{"start":{"line":3,"column":17},"end":{"line":3,"column":18}},"loc":{"start":{"line":3,"column":23},"end":{"line":9,"column":1}},"line":3}},"branchMap":{},"s":{"0":1,"1":1},"f":{"0":1},"b":{},"_coverageSchema":"1a1c01bbd47fc00a2c39e90264f33305004495a9","hash":"ee680b142d0ef905036ca0281cc50d5769ff5778"}
,"/home/rannue/rsshcool/otom/react/second/react-components/src/pages/about-page.tsx": {"path":"/home/rannue/rsshcool/otom/react/second/react-components/src/pages/about-page.tsx","statementMap":{"0":{"start":{"line":3,"column":18},"end":{"line":9,"column":1}},"1":{"start":{"line":4,"column":2},"end":{"line":8,"column":4}}},"fnMap":{"0":{"name":"(anonymous_0)","decl":{"start":{"line":3,"column":18},"end":{"line":3,"column":19}},"loc":{"start":{"line":3,"column":24},"end":{"line":9,"column":1}},"line":3}},"branchMap":{},"s":{"0":1,"1":1},"f":{"0":1},"b":{},"_coverageSchema":"1a1c01bbd47fc00a2c39e90264f33305004495a9","hash":"7ccca45f149c269bcbe0eed52d86edeab08649b6"}
,"/home/rannue/rsshcool/otom/react/second/react-components/src/pages/home-page.tsx": {"path":"/home/rannue/rsshcool/otom/react/second/react-components/src/pages/home-page.tsx","statementMap":{"0":{"start":{"line":7,"column":17},"end":{"line":17,"column":1}},"1":{"start":{"line":8,"column":2},"end":{"line":16,"column":4}}},"fnMap":{"0":{"name":"(anonymous_0)","decl":{"start":{"line":7,"column":17},"end":{"line":7,"column":18}},"loc":{"start":{"line":7,"column":23},"end":{"line":17,"column":1}},"line":7}},"branchMap":{},"s":{"0":1,"1":1},"f":{"0":1},"b":{},"_coverageSchema":"1a1c01bbd47fc00a2c39e90264f33305004495a9","hash":"91c6338c52c4ead7214f21c4ae9445493ae334c8"}
}
