TN:
SF:src/App.tsx
FN:10,App
FNF:1
FNH:1
FNDA:3,App
DA:11,3
LF:1
LH:1
BRF:0
BRH:0
end_of_record
TN:
SF:src/assets/data.ts
FNF:0
FNH:0
DA:16,2
LF:1
LH:1
BRF:0
BRH:0
end_of_record
TN:
SF:src/components/cards.tsx
FN:8,(anonymous_0)
FN:15,(anonymous_1)
FN:18,(anonymous_2)
FNF:3
FNH:3
FNDA:2,(anonymous_0)
FNDA:2,(anonymous_1)
FNDA:12,(anonymous_2)
DA:9,2
DA:10,2
DA:16,2
DA:19,12
LF:4
LH:4
BRF:0
BRH:0
end_of_record
TN:
SF:src/components/footer.tsx
FN:4,(anonymous_0)
FNF:1
FNH:1
FNDA:3,(anonymous_0)
DA:5,3
LF:1
LH:1
BRF:0
BRH:0
end_of_record
TN:
SF:src/components/header.tsx
FN:5,(anonymous_0)
FNF:1
FNH:1
FNDA:3,(anonymous_0)
DA:6,3
LF:1
LH:1
BRF:0
BRH:0
end_of_record
